app/build/outputs/logs/manifest-merger-release-report.txt
-- Merging decision tree log ---
manifest
ADDED from src\main\AndroidManifest.xml:2:1-166:12
	package
		ADDED from src\main\AndroidManifest.xml:3:5-39
		INJECTED from src\main\AndroidManifest.xml
		INJECTED from src\main\AndroidManifest.xml
	android:versionName
		ADDED from src\main\AndroidManifest.xml:5:5-32
		INJECTED from src\main\AndroidManifest.xml
		INJECTED from src\main\AndroidManifest.xml
	android:versionCode
		ADDED from src\main\AndroidManifest.xml:4:5-29
		INJECTED from src\main\AndroidManifest.xml
		INJECTED from src\main\AndroidManifest.xml
	xmlns:android
		ADDED from src\main\AndroidManifest.xml:2:11-69
uses-sdk
ADDED from src\main\AndroidManifest.xml:7:5-9:41
MERGED from [com.android.support:support-v4:22.0.0] AndroidManifest.xml:20:5-43
	android:targetSdkVersion
		ADDED from src\main\AndroidManifest.xml:9:9-38
		INJECTED from src\main\AndroidManifest.xml
		INJECTED from src\main\AndroidManifest.xml
	android:minSdkVersion
		ADDED from src\main\AndroidManifest.xml:8:9-35
		INJECTED from src\main\AndroidManifest.xml
		INJECTED from src\main\AndroidManifest.xml
uses-permission#android.permission.SYSTEM_ALERT_WINDOW
ADDED from src\main\AndroidManifest.xml:11:5-78
	android:name
		ADDED from src\main\AndroidManifest.xml:11:22-75
uses-permission#android.permission.GET_TASKS
ADDED from src\main\AndroidManifest.xml:12:5-68
	android:name
		ADDED from src\main\AndroidManifest.xml:12:22-65
uses-permission#android.permission.package_usage_stats
ADDED from src\main\AndroidManifest.xml:13:5-78
	android:name
		ADDED from src\main\AndroidManifest.xml:13:22-75
uses-permission#android.permission.RECEIVE_BOOT_COMPLETED
ADDED from src\main\AndroidManifest.xml:14:5-81
	android:name
		ADDED from src\main\AndroidManifest.xml:14:22-78
uses-permission#android.permission.WRITE_EXTERNAL_STORAGE
ADDED from src\main\AndroidManifest.xml:15:5-81
	android:name
		ADDED from src\main\AndroidManifest.xml:15:22-78
uses-permission#android.permission.MOUNT_UNMOUNT_FILESYSTEMS
ADDED from src\main\AndroidManifest.xml:16:5-84
	android:name
		ADDED from src\main\AndroidManifest.xml:16:22-81
uses-permission#android.permission.READ_LOGS
ADDED from src\main\AndroidManifest.xml:17:5-68
	android:name
		ADDED from src\main\AndroidManifest.xml:17:22-65
uses-permission#android.permission.READ_PHONE_STATE
ADDED from src\main\AndroidManifest.xml:18:5-75
	android:name
		ADDED from src\main\AndroidManifest.xml:18:22-72
uses-permission#android.permission.SET_WALLPAPER
ADDED from src\main\AndroidManifest.xml:19:5-73
	android:name
		ADDED from src\main\AndroidManifest.xml:19:22-71
uses-permission#android.permission.PACKAGE_USAGE_STATS
ADDED from src\main\AndroidManifest.xml:20:5-22:47
	xmlns:tools
		ADDED from src\main\AndroidManifest.xml:20:22-68
	tools:ignore
		ADDED from src\main\AndroidManifest.xml:22:9-44
	android:name
		ADDED from src\main\AndroidManifest.xml:21:9-62
uses-permission#android.permission.RECEIVE_SMS
ADDED from src\main\AndroidManifest.xml:23:5-70
	android:name
		ADDED from src\main\AndroidManifest.xml:23:22-67
uses-permission#android.permission.BATTERY_STATS
ADDED from src\main\AndroidManifest.xml:24:5-72
	android:name
		ADDED from src\main\AndroidManifest.xml:24:22-69
uses-permission#android.permission.RESTART_PACKAGES
ADDED from src\main\AndroidManifest.xml:25:5-75
	android:name
		ADDED from src\main\AndroidManifest.xml:25:22-72
uses-permission#android.permission.INTERNET
ADDED from src\main\AndroidManifest.xml:26:5-67
	android:name
		ADDED from src\main\AndroidManifest.xml:26:22-64
uses-permission#android.permission.ACCESS_NETWORK_STATE
ADDED from src\main\AndroidManifest.xml:27:5-79
	android:name
		ADDED from src\main\AndroidManifest.xml:27:22-76
uses-permission#android.permission.ACCESS_WIFI_STATE
ADDED from src\main\AndroidManifest.xml:29:5-76
	android:name
		ADDED from src\main\AndroidManifest.xml:29:22-73
uses-permission#android.permission.WRITE_SETTINGS
ADDED from src\main\AndroidManifest.xml:34:5-73
	android:name
		ADDED from src\main\AndroidManifest.xml:34:22-70
uses-permission#android.permission.WAKE_LOCK
ADDED from src\main\AndroidManifest.xml:35:5-68
	android:name
		ADDED from src\main\AndroidManifest.xml:35:22-65
application
ADDED from src\main\AndroidManifest.xml:46:5-164:19
MERGED from [com.android.support:support-v4:22.0.0] AndroidManifest.xml:22:5-20
	android:label
		ADDED from src\main\AndroidManifest.xml:49:9-41
	android:icon
		ADDED from src\main\AndroidManifest.xml:48:9-45
	android:theme
		ADDED from src\main\AndroidManifest.xml:50:9-40
	android:name
		ADDED from src\main\AndroidManifest.xml:47:9-69
meta-data#Channel ID
ADDED from src\main\AndroidManifest.xml:52:9-54:46
	android:value
		ADDED from src\main\AndroidManifest.xml:54:13-43
	android:name
		ADDED from src\main\AndroidManifest.xml:53:13-38
activity#com.jiusg.mainscreenshow.ui.Welcome
ADDED from src\main\AndroidManifest.xml:58:9-67:20
	android:theme
		ADDED from src\main\AndroidManifest.xml:60:13-71
	android:name
		ADDED from src\main\AndroidManifest.xml:59:13-63
intent-filter#android.intent.action.MAIN+android.intent.category.LAUNCHER
ADDED from src\main\AndroidManifest.xml:61:13-65:29
action#android.intent.action.MAIN
ADDED from src\main\AndroidManifest.xml:62:17-69
	android:name
		ADDED from src\main\AndroidManifest.xml:62:25-66
category#android.intent.category.LAUNCHER
ADDED from src\main\AndroidManifest.xml:64:17-77
	android:name
		ADDED from src\main\AndroidManifest.xml:64:27-74
service#com.jiusg.mainscreenshow.service.MSSLiveWallpaper
ADDED from src\main\AndroidManifest.xml:69:9-78:19
	android:permission
		ADDED from src\main\AndroidManifest.xml:71:13-67
	android:name
		ADDED from src\main\AndroidManifest.xml:70:13-53
intent-filter#android.service.wallpaper.WallpaperService
ADDED from src\main\AndroidManifest.xml:72:13-74:29
action#android.service.wallpaper.WallpaperService
ADDED from src\main\AndroidManifest.xml:73:17-85
	android:name
		ADDED from src\main\AndroidManifest.xml:73:25-82
meta-data#android.service.wallpaper
ADDED from src\main\AndroidManifest.xml:75:13-77:57
	android:resource
		ADDED from src\main\AndroidManifest.xml:77:17-54
	android:name
		ADDED from src\main\AndroidManifest.xml:76:17-57
activity#com.jiusg.mainscreenshow.ui.MSS
ADDED from src\main\AndroidManifest.xml:80:9-83:57
	android:label
		ADDED from src\main\AndroidManifest.xml:83:13-45
	android:icon
		ADDED from src\main\AndroidManifest.xml:82:13-49
	android:name
		ADDED from src\main\AndroidManifest.xml:81:13-59
activity#com.jiusg.mainscreenshow.ui.MSSEvent
ADDED from src\main\AndroidManifest.xml:84:9-86:64
	android:label
		ADDED from src\main\AndroidManifest.xml:86:13-52
	android:name
		ADDED from src\main\AndroidManifest.xml:85:13-64
activity#com.jiusg.mainscreenshow.ui.MSSPreview
ADDED from src\main\AndroidManifest.xml:87:9-89:66
	android:label
		ADDED from src\main\AndroidManifest.xml:89:13-54
	android:name
		ADDED from src\main\AndroidManifest.xml:88:13-66
activity#com.jiusg.mainscreenshow.ui.DesktopSet
ADDED from src\main\AndroidManifest.xml:90:9-93:63
	android:label
		ADDED from src\main\AndroidManifest.xml:93:13-51
	android:icon
		ADDED from src\main\AndroidManifest.xml:92:13-48
	android:name
		ADDED from src\main\AndroidManifest.xml:91:13-66
activity#com.jiusg.mainscreenshow.ui.LockScreenSet
ADDED from src\main\AndroidManifest.xml:94:9-97:66
	android:label
		ADDED from src\main\AndroidManifest.xml:97:13-54
	android:icon
		ADDED from src\main\AndroidManifest.xml:96:13-52
	android:name
		ADDED from src\main\AndroidManifest.xml:95:13-69
activity#com.jiusg.mainscreenshow.ui.CallSet
ADDED from src\main\AndroidManifest.xml:98:9-101:60
	android:label
		ADDED from src\main\AndroidManifest.xml:101:13-48
	android:icon
		ADDED from src\main\AndroidManifest.xml:100:13-46
	android:name
		ADDED from src\main\AndroidManifest.xml:99:13-63
activity#com.jiusg.mainscreenshow.ui.SMSSet
ADDED from src\main\AndroidManifest.xml:102:9-105:59
	android:label
		ADDED from src\main\AndroidManifest.xml:105:13-47
	android:icon
		ADDED from src\main\AndroidManifest.xml:104:13-45
	android:name
		ADDED from src\main\AndroidManifest.xml:103:13-62
activity#com.jiusg.mainscreenshow.ui.CharingSet
ADDED from src\main\AndroidManifest.xml:106:9-109:63
	android:label
		ADDED from src\main\AndroidManifest.xml:109:13-51
	android:icon
		ADDED from src\main\AndroidManifest.xml:108:13-50
	android:name
		ADDED from src\main\AndroidManifest.xml:107:13-66
activity#com.jiusg.mainscreenshow.ui.PreviewAnimation
ADDED from src\main\AndroidManifest.xml:110:9-90
	android:name
		ADDED from src\main\AndroidManifest.xml:110:19-78
activity#com.jiusg.mainscreenshow.ui.Setting
ADDED from src\main\AndroidManifest.xml:111:9-114:63
	android:label
		ADDED from src\main\AndroidManifest.xml:114:13-51
	android:icon
		ADDED from src\main\AndroidManifest.xml:113:13-48
	android:name
		ADDED from src\main\AndroidManifest.xml:112:13-63
activity#com.jiusg.mainscreenshow.ui.SettingApp
ADDED from src\main\AndroidManifest.xml:115:9-117:66
	android:label
		ADDED from src\main\AndroidManifest.xml:117:13-54
	android:name
		ADDED from src\main\AndroidManifest.xml:116:13-66
activity#com.jiusg.mainscreenshow.ui.SettingMore
ADDED from src\main\AndroidManifest.xml:118:9-121:67
	android:label
		ADDED from src\main\AndroidManifest.xml:121:13-55
	android:icon
		ADDED from src\main\AndroidManifest.xml:120:13-48
	android:name
		ADDED from src\main\AndroidManifest.xml:119:13-67
activity#com.jiusg.mainscreenshow.ui.PictureWallChoose
ADDED from src\main\AndroidManifest.xml:122:9-125:63
	android:label
		ADDED from src\main\AndroidManifest.xml:125:13-51
	android:icon
		ADDED from src\main\AndroidManifest.xml:124:13-44
	android:name
		ADDED from src\main\AndroidManifest.xml:123:13-73
activity#com.jiusg.mainscreenshow.ui.Help
ADDED from src\main\AndroidManifest.xml:126:9-129:61
	android:label
		ADDED from src\main\AndroidManifest.xml:129:13-49
	android:icon
		ADDED from src\main\AndroidManifest.xml:128:13-45
	android:name
		ADDED from src\main\AndroidManifest.xml:127:13-60
activity#com.jiusg.mainscreenshow.ui.FeedBack
ADDED from src\main\AndroidManifest.xml:131:9-134:65
	android:label
		ADDED from src\main\AndroidManifest.xml:134:13-53
	android:icon
		ADDED from src\main\AndroidManifest.xml:133:13-49
	android:name
		ADDED from src\main\AndroidManifest.xml:132:13-64
service#com.jiusg.mainscreenshow.service.MSSService
ADDED from src\main\AndroidManifest.xml:136:9-79
	android:name
		ADDED from src\main\AndroidManifest.xml:136:18-76
receiver#com.jiusg.mainscreenshow.receiver.BootReceiver
ADDED from src\main\AndroidManifest.xml:138:9-142:20
	android:name
		ADDED from src\main\AndroidManifest.xml:138:19-80
intent-filter#android.intent.action.BOOT_COMPLETED
ADDED from src\main\AndroidManifest.xml:139:13-141:29
action#android.intent.action.BOOT_COMPLETED
ADDED from src\main\AndroidManifest.xml:140:17-79
	android:name
		ADDED from src\main\AndroidManifest.xml:140:25-76
receiver#com.jiusg.mainscreenshow.receiver.PhoneReceiver
ADDED from src\main\AndroidManifest.xml:143:9-148:20
	android:name
		ADDED from src\main\AndroidManifest.xml:143:19-81
intent-filter#android.intent.action.NEW_OUTGOING_CALL+android.intent.action.PHONE_STATE
ADDED from src\main\AndroidManifest.xml:144:13-147:29
action#android.intent.action.PHONE_STATE
ADDED from src\main\AndroidManifest.xml:145:17-76
	android:name
		ADDED from src\main\AndroidManifest.xml:145:25-73
action#android.intent.action.NEW_OUTGOING_CALL
ADDED from src\main\AndroidManifest.xml:146:17-82
	android:name
		ADDED from src\main\AndroidManifest.xml:146:25-79
receiver#com.jiusg.mainscreenshow.receiver.SMSReceiver
ADDED from src\main\AndroidManifest.xml:149:9-153:20
	android:name
		ADDED from src\main\AndroidManifest.xml:149:19-79
intent-filter#android.provider.Telephony.SMS_RECEIVED
ADDED from src\main\AndroidManifest.xml:150:13-152:29
action#android.provider.Telephony.SMS_RECEIVED
ADDED from src\main\AndroidManifest.xml:151:17-82
	android:name
		ADDED from src\main\AndroidManifest.xml:151:25-79
receiver#com.jiusg.mainscreenshow.receiver.NetworkReceiver
ADDED from src\main\AndroidManifest.xml:154:9-158:20
	android:name
		ADDED from src\main\AndroidManifest.xml:154:19-83
intent-filter#android.net.conn.CONNECTIVITY_CHANGE
ADDED from src\main\AndroidManifest.xml:155:13-157:29
action#android.net.conn.CONNECTIVITY_CHANGE
ADDED from src\main\AndroidManifest.xml:156:17-79
	android:name
		ADDED from src\main\AndroidManifest.xml:156:25-76
receiver#com.jiusg.mainscreenshow.receiver.BatteryReceiver
ADDED from src\main\AndroidManifest.xml:159:9-163:20
	android:name
		ADDED from src\main\AndroidManifest.xml:159:19-83
intent-filter#android.intent.action.BATTERY_CHANGED
ADDED from src\main\AndroidManifest.xml:160:13-162:29
action#android.intent.action.BATTERY_CHANGED
ADDED from src\main\AndroidManifest.xml:161:17-80
	android:name
		ADDED from src\main\AndroidManifest.xml:161:25-77